c:\users\user\source\repos\exodus-master\x64\intermediate\release - static\exodus\aboutview.obj
c:\users\user\source\repos\exodus-master\x64\intermediate\release - static\exodus\menusegment.obj
c:\users\user\source\repos\exodus-master\x64\intermediate\release - static\exodus\settingsviewpresenter.obj
c:\users\user\source\repos\exodus-master\x64\intermediate\release - static\exodus\exodusinterface.obj
c:\users\user\source\repos\exodus-master\x64\intermediate\release - static\exodus\viewstatechangenotifier.obj
c:\users\user\source\repos\exodus-master\x64\intermediate\release - static\exodus\main.obj
c:\users\user\source\repos\exodus-master\x64\intermediate\release - static\exodus\settingsview.obj
c:\users\user\source\repos\exodus-master\x64\intermediate\release - static\exodus\extensioninfo.obj
c:\users\user\source\repos\exodus-master\x64\intermediate\release - static\exodus\menusubmenu.obj
c:\users\user\source\repos\exodus-master\x64\intermediate\release - static\exodus\viewmanager.obj
c:\users\user\source\repos\exodus-master\x64\intermediate\release - static\exodus\createdashboardviewpresenter.obj
c:\users\user\source\repos\exodus-master\x64\intermediate\release - static\exodus\modulemanagerview.obj
c:\users\user\source\repos\exodus-master\x64\intermediate\release - static\exodus\createdashboardview.obj
c:\users\user\source\repos\exodus-master\x64\intermediate\release - static\exodus\modulemanagerviewpresenter.obj
c:\users\user\source\repos\exodus-master\x64\intermediate\release - static\exodus\aboutviewpresenter.obj
c:\users\user\source\repos\exodus-master\x64\intermediate\release - static\exodus\menuselectableoption.obj
c:\users\user\source\repos\exodus-master\x64\intermediate\release - static\exodus\systeminfo.obj
c:\users\user\source\repos\exodus-master\x64\intermediate\release - static\exodus\deviceinfo.obj
c:\users\user\source\repos\exodus-master\x64\intermediate\release - static\exodus\menuhandler.obj
c:\users\user\source\repos\exodus-master\x64\intermediate\release - static\exodus\vc141.pdb
c:\users\user\source\repos\exodus-master\x64\intermediate\release - static\exodus\exodus.res
c:\users\user\source\repos\exodus-master\x64\intermediate\release - static\exodus\exodus.tlog\cl.11548.write.1.tlog
c:\users\user\source\repos\exodus-master\x64\intermediate\release - static\exodus\exodus.tlog\cl.command.1.tlog
c:\users\user\source\repos\exodus-master\x64\intermediate\release - static\exodus\exodus.tlog\cl.read.1.tlog
c:\users\user\source\repos\exodus-master\x64\intermediate\release - static\exodus\exodus.tlog\link.command.1.tlog
c:\users\user\source\repos\exodus-master\x64\intermediate\release - static\exodus\exodus.tlog\link.read.1.tlog
c:\users\user\source\repos\exodus-master\x64\intermediate\release - static\exodus\exodus.tlog\link.write.1.tlog
c:\users\user\source\repos\exodus-master\x64\intermediate\release - static\exodus\exodus.tlog\rc.command.1.tlog
c:\users\user\source\repos\exodus-master\x64\intermediate\release - static\exodus\exodus.tlog\rc.read.1.tlog
c:\users\user\source\repos\exodus-master\x64\intermediate\release - static\exodus\exodus.tlog\rc.write.1.tlog
