c:\users\user\source\repos\exodus-master\x64\intermediate\release - static\ym2612menus\registersviewpresenter.obj
c:\users\user\source\repos\exodus-master\x64\intermediate\release - static\ym2612menus\operatorview.obj
c:\users\user\source\repos\exodus-master\x64\intermediate\release - static\ym2612menus\debugmenuhandler.obj
c:\users\user\source\repos\exodus-master\x64\intermediate\release - static\ym2612menus\debuggerviewpresenter.obj
c:\users\user\source\repos\exodus-master\x64\intermediate\release - static\ym2612menus\registersview.obj
c:\users\user\source\repos\exodus-master\x64\intermediate\release - static\ym2612menus\debuggerview.obj
c:\users\user\source\repos\exodus-master\x64\intermediate\release - static\ym2612menus\ym2612menus.obj
c:\users\user\source\repos\exodus-master\x64\intermediate\release - static\ym2612menus\interface.obj
c:\users\user\source\repos\exodus-master\x64\intermediate\release - static\ym2612menus\operatorviewpresenter.obj
c:\users\user\source\repos\exodus-master\x64\intermediate\release - static\ym2612menus\ym2612menus.pdb
c:\users\user\source\repos\exodus-master\staticmodules\ym2612menus.lib
c:\users\user\source\repos\exodus-master\x64\intermediate\release - static\ym2612menus\ym2612menus.res
c:\users\user\source\repos\exodus-master\\staticmodules\ym2612menus.lib
c:\users\user\source\repos\exodus-master\x64\intermediate\release - static\ym2612menus\ym2612menus.tlog\cl.14360.write.1.tlog
c:\users\user\source\repos\exodus-master\x64\intermediate\release - static\ym2612menus\ym2612menus.tlog\cl.command.1.tlog
c:\users\user\source\repos\exodus-master\x64\intermediate\release - static\ym2612menus\ym2612menus.tlog\cl.read.1.tlog
c:\users\user\source\repos\exodus-master\x64\intermediate\release - static\ym2612menus\ym2612menus.tlog\lib-link-cvtres.read.1.tlog
c:\users\user\source\repos\exodus-master\x64\intermediate\release - static\ym2612menus\ym2612menus.tlog\lib-link-cvtres.write.1.tlog
c:\users\user\source\repos\exodus-master\x64\intermediate\release - static\ym2612menus\ym2612menus.tlog\lib.command.1.tlog
c:\users\user\source\repos\exodus-master\x64\intermediate\release - static\ym2612menus\ym2612menus.tlog\rc.command.1.tlog
c:\users\user\source\repos\exodus-master\x64\intermediate\release - static\ym2612menus\ym2612menus.tlog\rc.read.1.tlog
c:\users\user\source\repos\exodus-master\x64\intermediate\release - static\ym2612menus\ym2612menus.tlog\rc.write.1.tlog
