c:\users\user\source\repos\exodus-master\x64\intermediate\release - static\processormenus\activedisassemblyview.obj
c:\users\user\source\repos\exodus-master\x64\intermediate\release - static\processormenus\interface.obj
c:\users\user\source\repos\exodus-master\x64\intermediate\release - static\processormenus\callstackviewpresenter.obj
c:\users\user\source\repos\exodus-master\x64\intermediate\release - static\processormenus\watchpointviewpresenter.obj
c:\users\user\source\repos\exodus-master\x64\intermediate\release - static\processormenus\debugmenuhandler.obj
c:\users\user\source\repos\exodus-master\x64\intermediate\release - static\processormenus\traceview.obj
c:\users\user\source\repos\exodus-master\x64\intermediate\release - static\processormenus\callstackview.obj
c:\users\user\source\repos\exodus-master\x64\intermediate\release - static\processormenus\traceviewpresenter.obj
c:\users\user\source\repos\exodus-master\x64\intermediate\release - static\processormenus\activedisassemblyviewpresenter.obj
c:\users\user\source\repos\exodus-master\x64\intermediate\release - static\processormenus\processormenus.obj
c:\users\user\source\repos\exodus-master\x64\intermediate\release - static\processormenus\controlview.obj
c:\users\user\source\repos\exodus-master\x64\intermediate\release - static\processormenus\watchpointview.obj
c:\users\user\source\repos\exodus-master\x64\intermediate\release - static\processormenus\controlviewpresenter.obj
c:\users\user\source\repos\exodus-master\x64\intermediate\release - static\processormenus\disassemblyviewpresenter.obj
c:\users\user\source\repos\exodus-master\x64\intermediate\release - static\processormenus\disassemblyview.obj
c:\users\user\source\repos\exodus-master\x64\intermediate\release - static\processormenus\processormenus.pdb
c:\users\user\source\repos\exodus-master\staticmodules\processormenus.lib
c:\users\user\source\repos\exodus-master\x64\intermediate\release - static\processormenus\processormenus.res
c:\users\user\source\repos\exodus-master\\staticmodules\processormenus.lib
c:\users\user\source\repos\exodus-master\x64\intermediate\release - static\processormenus\processormenus.tlog\cl.17028.write.1.tlog
c:\users\user\source\repos\exodus-master\x64\intermediate\release - static\processormenus\processormenus.tlog\cl.command.1.tlog
c:\users\user\source\repos\exodus-master\x64\intermediate\release - static\processormenus\processormenus.tlog\cl.read.1.tlog
c:\users\user\source\repos\exodus-master\x64\intermediate\release - static\processormenus\processormenus.tlog\lib-link-cvtres.read.1.tlog
c:\users\user\source\repos\exodus-master\x64\intermediate\release - static\processormenus\processormenus.tlog\lib-link-cvtres.write.1.tlog
c:\users\user\source\repos\exodus-master\x64\intermediate\release - static\processormenus\processormenus.tlog\lib.command.1.tlog
c:\users\user\source\repos\exodus-master\x64\intermediate\release - static\processormenus\processormenus.tlog\rc.command.1.tlog
c:\users\user\source\repos\exodus-master\x64\intermediate\release - static\processormenus\processormenus.tlog\rc.read.1.tlog
c:\users\user\source\repos\exodus-master\x64\intermediate\release - static\processormenus\processormenus.tlog\rc.write.1.tlog
