c:\users\user\source\repos\exodus-master\x64\intermediate\release - static\315-5313menus\planeviewpresenter.obj
c:\users\user\source\repos\exodus-master\x64\intermediate\release - static\315-5313menus\spritelistview.obj
c:\users\user\source\repos\exodus-master\x64\intermediate\release - static\315-5313menus\imageview.obj
c:\users\user\source\repos\exodus-master\x64\intermediate\release - static\315-5313menus\settingsmenuhandler.obj
c:\users\user\source\repos\exodus-master\x64\intermediate\release - static\315-5313menus\paletteview.obj
c:\users\user\source\repos\exodus-master\x64\intermediate\release - static\315-5313menus\s315_5313menus.obj
c:\users\user\source\repos\exodus-master\x64\intermediate\release - static\315-5313menus\planeview.obj
c:\users\user\source\repos\exodus-master\x64\intermediate\release - static\315-5313menus\spritelistviewpresenter.obj
c:\users\user\source\repos\exodus-master\x64\intermediate\release - static\315-5313menus\paletteviewpresenter.obj
c:\users\user\source\repos\exodus-master\x64\intermediate\release - static\315-5313menus\portmonitorviewpresenter.obj
c:\users\user\source\repos\exodus-master\x64\intermediate\release - static\315-5313menus\vramview.obj
c:\users\user\source\repos\exodus-master\x64\intermediate\release - static\315-5313menus\debugmenuhandler.obj
c:\users\user\source\repos\exodus-master\x64\intermediate\release - static\315-5313menus\portmonitorview.obj
c:\users\user\source\repos\exodus-master\x64\intermediate\release - static\315-5313menus\interface.obj
c:\users\user\source\repos\exodus-master\x64\intermediate\release - static\315-5313menus\registersview.obj
c:\users\user\source\repos\exodus-master\x64\intermediate\release - static\315-5313menus\imageviewpresenter.obj
c:\users\user\source\repos\exodus-master\x64\intermediate\release - static\315-5313menus\registersviewpresenter.obj
c:\users\user\source\repos\exodus-master\x64\intermediate\release - static\315-5313menus\vramviewpresenter.obj
c:\users\user\source\repos\exodus-master\x64\intermediate\release - static\315-5313menus\315-5313menus.pdb
c:\users\user\source\repos\exodus-master\staticmodules\315-5313menus.lib
c:\users\user\source\repos\exodus-master\x64\intermediate\release - static\315-5313menus\315-5313menus.res
c:\users\user\source\repos\exodus-master\\staticmodules\315-5313menus.lib
c:\users\user\source\repos\exodus-master\x64\intermediate\release - static\315-5313menus\315-5313menus.tlog\cl.18840.write.1.tlog
c:\users\user\source\repos\exodus-master\x64\intermediate\release - static\315-5313menus\315-5313menus.tlog\cl.command.1.tlog
c:\users\user\source\repos\exodus-master\x64\intermediate\release - static\315-5313menus\315-5313menus.tlog\cl.read.1.tlog
c:\users\user\source\repos\exodus-master\x64\intermediate\release - static\315-5313menus\315-5313menus.tlog\lib-link-cvtres.read.1.tlog
c:\users\user\source\repos\exodus-master\x64\intermediate\release - static\315-5313menus\315-5313menus.tlog\lib-link-cvtres.write.1.tlog
c:\users\user\source\repos\exodus-master\x64\intermediate\release - static\315-5313menus\315-5313menus.tlog\lib.command.1.tlog
c:\users\user\source\repos\exodus-master\x64\intermediate\release - static\315-5313menus\315-5313menus.tlog\rc.command.1.tlog
c:\users\user\source\repos\exodus-master\x64\intermediate\release - static\315-5313menus\315-5313menus.tlog\rc.read.1.tlog
c:\users\user\source\repos\exodus-master\x64\intermediate\release - static\315-5313menus\315-5313menus.tlog\rc.write.1.tlog
