c:\users\user\source\repos\exodus-master\x64\intermediate\release - static\exodussystemmenus\eventlogview.obj
c:\users\user\source\repos\exodus-master\x64\intermediate\release - static\exodussystemmenus\inputmappingdetailsview.obj
c:\users\user\source\repos\exodus-master\x64\intermediate\release - static\exodussystemmenus\embeddedromview.obj
c:\users\user\source\repos\exodus-master\x64\intermediate\release - static\exodussystemmenus\interface.obj
c:\users\user\source\repos\exodus-master\x64\intermediate\release - static\exodussystemmenus\devicecontrolview.obj
c:\users\user\source\repos\exodus-master\x64\intermediate\release - static\exodussystemmenus\settingsmenuhandler.obj
c:\users\user\source\repos\exodus-master\x64\intermediate\release - static\exodussystemmenus\eventlogviewpresenter.obj
c:\users\user\source\repos\exodus-master\x64\intermediate\release - static\exodussystemmenus\inputmappingview.obj
c:\users\user\source\repos\exodus-master\x64\intermediate\release - static\exodussystemmenus\debugmenuhandler.obj
c:\users\user\source\repos\exodus-master\x64\intermediate\release - static\exodussystemmenus\moduleoptionmenuhandler.obj
c:\users\user\source\repos\exodus-master\x64\intermediate\release - static\exodussystemmenus\embeddedromviewpresenter.obj
c:\users\user\source\repos\exodus-master\x64\intermediate\release - static\exodussystemmenus\inputmappingdetailsviewpresenter.obj
c:\users\user\source\repos\exodus-master\x64\intermediate\release - static\exodussystemmenus\devicecontrolviewpresenter.obj
c:\users\user\source\repos\exodus-master\x64\intermediate\release - static\exodussystemmenus\systemmenuhandler.obj
c:\users\user\source\repos\exodus-master\x64\intermediate\release - static\exodussystemmenus\exodussystemmenus.obj
c:\users\user\source\repos\exodus-master\x64\intermediate\release - static\exodussystemmenus\inputmappingviewpresenter.obj
c:\users\user\source\repos\exodus-master\x64\intermediate\release - static\exodussystemmenus\exodussystemmenus.pdb
c:\users\user\source\repos\exodus-master\staticmodules\exodussystemmenus.lib
c:\users\user\source\repos\exodus-master\x64\intermediate\release - static\exodussystemmenus\exodussystemmenus.res
c:\users\user\source\repos\exodus-master\\staticmodules\exodussystemmenus.lib
c:\users\user\source\repos\exodus-master\x64\intermediate\release - static\exodussystemmenus\exodussy.ce912273.tlog\cl.10420.write.1.tlog
c:\users\user\source\repos\exodus-master\x64\intermediate\release - static\exodussystemmenus\exodussy.ce912273.tlog\cl.command.1.tlog
c:\users\user\source\repos\exodus-master\x64\intermediate\release - static\exodussystemmenus\exodussy.ce912273.tlog\cl.read.1.tlog
c:\users\user\source\repos\exodus-master\x64\intermediate\release - static\exodussystemmenus\exodussy.ce912273.tlog\lib-link-cvtres.read.1.tlog
c:\users\user\source\repos\exodus-master\x64\intermediate\release - static\exodussystemmenus\exodussy.ce912273.tlog\lib-link-cvtres.write.1.tlog
c:\users\user\source\repos\exodus-master\x64\intermediate\release - static\exodussystemmenus\exodussy.ce912273.tlog\lib.command.1.tlog
c:\users\user\source\repos\exodus-master\x64\intermediate\release - static\exodussystemmenus\exodussy.ce912273.tlog\rc.command.1.tlog
c:\users\user\source\repos\exodus-master\x64\intermediate\release - static\exodussystemmenus\exodussy.ce912273.tlog\rc.read.1.tlog
c:\users\user\source\repos\exodus-master\x64\intermediate\release - static\exodussystemmenus\exodussy.ce912273.tlog\rc.write.1.tlog
